
**** 05/21/23 21:18:27 ******* PSpice Lite (March 2016) ******* ID# 10813 ****

 ** Profile: "SCHEMATIC1-AC"  [ D:\Polytech\MA1 2022-2023 ULB\Q2\ELEC-H402 -- Analog Electronics\Labs\Labo 5\Ampli Op 2 Etages\ampli 


 ****     CIRCUIT DESCRIPTION


******************************************************************************




** Creating circuit file "AC.cir" 
** WARNING: THIS AUTOMATICALLY GENERATED FILE MAY BE OVERWRITTEN BY SUBSEQUENT SIMULATIONS

*Libraries: 
* Profile Libraries :
* Local Libraries :
.LIB "D:/Polytech/MA1 2022-2023 ULB/Q2/ELEC-H402 -- Analog Electronics/Labs/Labo 5/lib/ald.lib" 
* From [PSPICE NETLIST] section of C:\Users\thoma\AppData\Roaming\SPB_Data\cdssetup\OrCAD_PSpice\17.2.0\PSpice.ini file:

*Analysis directives: 
.AC DEC 100 10 100Meg
.OPTIONS ADVCONV
.PROBE64 V(alias(*)) I(alias(*)) W(alias(*)) D(alias(*)) NOISE(alias(*)) 
.INC "..\SCHEMATIC1.net" 



**** INCLUDING SCHEMATIC1.net ****
* source AMPLI OP 2 ETAGES
V_VDD         VDD 0 5
V_VSS         0 VSS 5
M_M1         N00263 N00263 VSS VSS ncg  
+ L=7.8E-6  
+ W=0.069E-3  
+ AD=0.161E-8  
+ AS=0.603E-8   
+ PS=0.478E-3  
+ NRD=0.3  
+ NRS=1  
+ NRG=25  
+ NRB=35 
M_M2         N00555 N00263 VSS VSS ncg  
+ L=7.8E-6  
+ W=0.069E-3  
+ AD=0.161E-8  
+ AS=0.603E-8   
+ PS=0.478E-3  
+ NRD=0.3  
+ NRS=1  
+ NRG=25  
+ NRB=35 
R_R1         N00263 VDD  15k TC=0,0 
M_M3         N01628 IN- N00555 N00555 ncg  
+ L=7.8E-6  
+ W=0.069E-3  
+ AD=0.161E-8  
+ AS=0.603E-8   
+ PS=0.478E-3  
+ NRD=0.3  
+ NRS=1  
+ NRG=25  
+ NRB=35 
M_M4         OUT1 IN+ N00555 N00555 ncg  
+ L=7.8E-6  
+ W=0.069E-3  
+ AD=0.161E-8  
+ AS=0.603E-8   
+ PS=0.478E-3  
+ NRD=0.3  
+ NRS=1  
+ NRG=25  
+ NRB=35 
M_M5         N01628 N01628 VDD VDD pcg  
+ L=7.8E-6  
+ W=0.138E-3  
+ AD=0.161E-8  
+ AS=0.603E-8   
+ PS=0.478E-6  
+ NRD=0.3  
+ NRS=1  
+ NRG=25  
+ NRB=35 
M_M6         OUT1 N01628 VDD VDD pcg  
+ L=7.8E-6  
+ W=0.138E-3  
+ AD=0.161E-8  
+ AS=0.603E-8   
+ PS=0.478E-6  
+ NRD=0.3  
+ NRS=1  
+ NRG=25  
+ NRB=35 
M_M7         OUT2 N28334 VSS VSS ncg  
+ L=7.8E-6  
+ W=0.069E-3  
+ AD=0.161E-8  
+ AS=0.603E-8   
+ PS=0.478E-3  
+ NRD=0.3  
+ NRS=1  
+ NRG=25  
+ NRB=35 
M_M8         OUT2 OUT1 VDD VDD pcg  
+ L=7.8E-6  
+ W={0.138E-3}  
+ AD=0.161E-8  
+ AS=0.603E-8   
+ PS=0.478E-6  
+ NRD=0.3  
+ NRS=1  
+ NRG=25  
+ NRB=35 
R_R2         N28334 VDD  33.6k TC=0,0 
M_M9         N28334 N28334 VSS VSS ncg  
+ L=7.8E-6  
+ W=0.069E-3  
+ AD=0.161E-8  
+ AS=0.603E-8   
+ PS=0.478E-3  
+ NRD=0.3  
+ NRS=1  
+ NRG=25  
+ NRB=35 
V_Vd         IN+ IN- DC 0Vdc AC 0Vac 
V_Vcm         IN- 0 DC 0Vdc AC 1Vac 
R_RL         0 OUT2  {RL} TC=0,0 
.PARAM  rl=1meg

**** RESUMING AC.cir ****
.END

**** 05/21/23 21:18:27 ******* PSpice Lite (March 2016) ******* ID# 10813 ****

 ** Profile: "SCHEMATIC1-AC"  [ D:\Polytech\MA1 2022-2023 ULB\Q2\ELEC-H402 -- Analog Electronics\Labs\Labo 5\Ampli Op 2 Etages\ampli 


 ****     MOSFET MODEL PARAMETERS


******************************************************************************




               ncg             pcg             
               NMOS            PMOS            
       LEVEL    2               2            
         TPG                   -1            
           L  100.000000E-06  100.000000E-06 
           W  100.000000E-06  100.000000E-06 
          LD    1.600000E-06  960.000000E-09 
          WD    1.050000E-06  500.000000E-09 
         VTO     .75            -.74         
          KP   40.809880E-06   16.323950E-06 
       GAMMA    1.09             .58         
         PHI     .7              .7          
      LAMBDA    0               0            
         RSH   10              90            
          IS   10.000000E-15   10.000000E-15 
          JS   20.000000E-06   20.000000E-06 
          PB     .9              .9          
        PBSW     .9              .9          
          CJ  390.000000E-06  180.000000E-06 
        CJSW  264.000000E-12  322.000000E-12 
          MJ                     .57         
        MJSW     .18                         
        CGSO  940.000000E-12  310.000000E-12 
        CGDO  590.000000E-12  390.000000E-12 
        CGBO  138.000000E-12  138.000000E-12 
        NSUB   10.000000E+15   10.000000E+15 
         NSS   70.000000E+09  100.000000E+09 
         NFS  117.000000E+09  106.000000E+09 
         TOX   55.000000E-09   55.000000E-09 
          XJ    2.000000E-06    1.200000E-06 
          UO  650             260            
       UCRIT    7.000000E+03   10.000000E+03 
        UEXP     .1              .16         
        VMAX  160.000000E+03  300.000000E+03 
        NEFF   10                            
         XQC     .42             .42         
          KF   75.000000E-30   75.000000E-30 
      DIOMOD    1               1            
         VFB    0               0            
        LETA    0               0            
        WETA    0               0            
          U0    0               0            
        TEMP    0               0            
         VDD    5               5            
       XPART    0               0            


**** 05/21/23 21:18:27 ******* PSpice Lite (March 2016) ******* ID# 10813 ****

 ** Profile: "SCHEMATIC1-AC"  [ D:\Polytech\MA1 2022-2023 ULB\Q2\ELEC-H402 -- Analog Electronics\Labs\Labo 5\Ampli Op 2 Etages\ampli 


 ****     SMALL SIGNAL BIAS SOLUTION       TEMPERATURE =   27.000 DEG C


******************************************************************************



 NODE   VOLTAGE     NODE   VOLTAGE     NODE   VOLTAGE     NODE   VOLTAGE


(  IN+)    0.0000  (  IN-)    0.0000  (  VDD)    5.0000  (  VSS)   -5.0000      

( OUT1)    2.7208  ( OUT2)     .7224  (N00263)   -2.5326 (N00555)   -1.9023     

(N01628)    2.7208 (N28334)   -3.0941 




    VOLTAGE SOURCE CURRENTS
    NAME         CURRENT

    V_VDD       -1.513E-03
    V_VSS       -1.512E-03
    V_Vd         0.000E+00
    V_Vcm        0.000E+00

    TOTAL POWER DISSIPATION   1.51E-02  WATTS



          JOB CONCLUDED

**** 05/21/23 21:18:27 ******* PSpice Lite (March 2016) ******* ID# 10813 ****

 ** Profile: "SCHEMATIC1-AC"  [ D:\Polytech\MA1 2022-2023 ULB\Q2\ELEC-H402 -- Analog Electronics\Labs\Labo 5\Ampli Op 2 Etages\ampli 


 ****     JOB STATISTICS SUMMARY


******************************************************************************



  Total job time (using Solver 1)   =         .03
